This file contains any messages produced by compilers while
running configure, to aid debugging if configure makes a mistake.

It was created by jackguitar configure 0.0.2, which was
generated by GNU Autoconf 2.59.  Invocation command line was

  $ ./configure 

## --------- ##
## Platform. ##
## --------- ##

hostname = cirrus
uname -m = i686
uname -r = 3.2.0-24-virtual
uname -s = Linux
uname -v = #37-Ubuntu SMP Wed Apr 25 12:51:49 UTC 2012

/usr/bin/uname -p = unknown
/bin/uname -X     = unknown

/bin/arch              = unknown
/usr/bin/arch -k       = unknown
/usr/convex/getsysinfo = unknown
hostinfo               = unknown
/bin/machine           = unknown
/usr/bin/oslevel       = unknown
/bin/universe          = unknown

PATH: /home/nate/bin
PATH: /usr/local/rvm/gems/ruby-1.9.3-p392/bin
PATH: /usr/local/rvm/gems/ruby-1.9.3-p392@global/bin
PATH: /usr/local/rvm/rubies/ruby-1.9.3-p392/bin
PATH: /usr/local/rvm/bin
PATH: /usr/local/sbin
PATH: /usr/local/bin
PATH: /usr/sbin
PATH: /usr/bin
PATH: /sbin
PATH: /bin
PATH: /usr/games


## ----------- ##
## Core tests. ##
## ----------- ##

configure:1357: checking for a BSD-compatible install
configure:1412: result: /usr/bin/install -c
configure:1423: checking whether build environment is sane
configure:1466: result: yes
configure:1523: checking for gawk
configure:1552: result: no
configure:1523: checking for mawk
configure:1539: found /usr/bin/mawk
configure:1549: result: mawk
configure:1559: checking whether make sets $(MAKE)
configure:1579: result: yes
configure:1792: checking for gcc
configure:1808: found /usr/bin/gcc
configure:1818: result: gcc
configure:2062: checking for C compiler version
configure:2065: gcc --version </dev/null >&5
gcc (Ubuntu/Linaro 4.6.3-1ubuntu5) 4.6.3
Copyright (C) 2011 Free Software Foundation, Inc.
This is free software; see the source for copying conditions.  There is NO
warranty; not even for MERCHANTABILITY or FITNESS FOR A PARTICULAR PURPOSE.

configure:2068: $? = 0
configure:2070: gcc -v </dev/null >&5
Using built-in specs.
COLLECT_GCC=gcc
COLLECT_LTO_WRAPPER=/usr/lib/gcc/i686-linux-gnu/4.6/lto-wrapper
Target: i686-linux-gnu
Configured with: ../src/configure -v --with-pkgversion='Ubuntu/Linaro 4.6.3-1ubuntu5' --with-bugurl=file:///usr/share/doc/gcc-4.6/README.Bugs --enable-languages=c,c++,fortran,objc,obj-c++ --prefix=/usr --program-suffix=-4.6 --enable-shared --enable-linker-build-id --with-system-zlib --libexecdir=/usr/lib --without-included-gettext --enable-threads=posix --with-gxx-include-dir=/usr/include/c++/4.6 --libdir=/usr/lib --enable-nls --with-sysroot=/ --enable-clocale=gnu --enable-libstdcxx-debug --enable-libstdcxx-time=yes --enable-gnu-unique-object --enable-plugin --enable-objc-gc --enable-targets=all --disable-werror --with-arch-32=i686 --with-tune=generic --enable-checking=release --build=i686-linux-gnu --host=i686-linux-gnu --target=i686-linux-gnu
Thread model: posix
gcc version 4.6.3 (Ubuntu/Linaro 4.6.3-1ubuntu5) 
configure:2073: $? = 0
configure:2075: gcc -V </dev/null >&5
gcc: error: unrecognized option '-V'
gcc: fatal error: no input files
compilation terminated.
configure:2078: $? = 4
configure:2101: checking for C compiler default output file name
configure:2104: gcc    conftest.c  >&5
configure:2107: $? = 0
configure:2153: result: a.out
configure:2158: checking whether the C compiler works
configure:2164: ./a.out
configure:2167: $? = 0
configure:2184: result: yes
configure:2191: checking whether we are cross compiling
configure:2193: result: no
configure:2196: checking for suffix of executables
configure:2198: gcc -o conftest    conftest.c  >&5
configure:2201: $? = 0
configure:2226: result: 
configure:2232: checking for suffix of object files
configure:2253: gcc -c   conftest.c >&5
configure:2256: $? = 0
configure:2278: result: o
configure:2282: checking whether we are using the GNU C compiler
configure:2306: gcc -c   conftest.c >&5
configure:2312: $? = 0
configure:2316: test -z 
			 || test ! -s conftest.err
configure:2319: $? = 0
configure:2322: test -s conftest.o
configure:2325: $? = 0
configure:2338: result: yes
configure:2344: checking whether gcc accepts -g
configure:2365: gcc -c -g  conftest.c >&5
configure:2371: $? = 0
configure:2375: test -z 
			 || test ! -s conftest.err
configure:2378: $? = 0
configure:2381: test -s conftest.o
configure:2384: $? = 0
configure:2395: result: yes
configure:2412: checking for gcc option to accept ANSI C
configure:2482: gcc  -c -g -O2  conftest.c >&5
configure:2488: $? = 0
configure:2492: test -z 
			 || test ! -s conftest.err
configure:2495: $? = 0
configure:2498: test -s conftest.o
configure:2501: $? = 0
configure:2519: result: none needed
configure:2537: gcc -c -g -O2  conftest.c >&5
conftest.c:2:3: error: unknown type name 'choke'
conftest.c:2:3: error: expected '=', ',', ';', 'asm' or '__attribute__' at end of input
configure:2543: $? = 1
configure: failed program was:
| #ifndef __cplusplus
|   choke me
| #endif
configure:2687: checking for style of include used by make
configure:2715: result: GNU
configure:2743: checking dependency style of gcc
configure:2828: result: gcc3
configure:2858: checking for a BSD-compatible install
configure:2913: result: /usr/bin/install -c
configure:2926: checking for fftwf_plan_dft_r2c_1d in -lfftw3f
configure:2956: gcc -o conftest -g -O2   conftest.c -lfftw3f   >&5
/usr/bin/ld: cannot find -lfftw3f
collect2: ld returned 1 exit status
configure:2962: $? = 1
configure: failed program was:
| /* confdefs.h.  */
| 
| #define PACKAGE_NAME "jackguitar"
| #define PACKAGE_TARNAME "jackguitar"
| #define PACKAGE_VERSION "0.0.2"
| #define PACKAGE_STRING "jackguitar 0.0.2"
| #define PACKAGE_BUGREPORT "Nate Lally <nate.lally@gmail.com>"
| #define PACKAGE "jackguitar"
| #define VERSION "0.0.2"
| /* end confdefs.h.  */
| 
| /* Override any gcc2 internal prototype to avoid an error.  */
| #ifdef __cplusplus
| extern "C"
| #endif
| /* We use char because int might match the return type of a gcc2
|    builtin and then its argument prototype would still apply.  */
| char fftwf_plan_dft_r2c_1d ();
| int
| main ()
| {
| fftwf_plan_dft_r2c_1d ();
|   ;
|   return 0;
| }
configure:2988: result: no
configure:2998: error: Couldn't find FFTW3 library. You must install it first.

## ---------------- ##
## Cache variables. ##
## ---------------- ##

ac_cv_c_compiler_gnu=yes
ac_cv_env_CC_set=
ac_cv_env_CC_value=
ac_cv_env_CFLAGS_set=
ac_cv_env_CFLAGS_value=
ac_cv_env_CPPFLAGS_set=
ac_cv_env_CPPFLAGS_value=
ac_cv_env_CPP_set=
ac_cv_env_CPP_value=
ac_cv_env_LDFLAGS_set=
ac_cv_env_LDFLAGS_value=
ac_cv_env_build_alias_set=
ac_cv_env_build_alias_value=
ac_cv_env_host_alias_set=
ac_cv_env_host_alias_value=
ac_cv_env_target_alias_set=
ac_cv_env_target_alias_value=
ac_cv_exeext=
ac_cv_lib_fftw3f_fftwf_plan_dft_r2c_1d=no
ac_cv_objext=o
ac_cv_path_install='/usr/bin/install -c'
ac_cv_prog_AWK=mawk
ac_cv_prog_ac_ct_CC=gcc
ac_cv_prog_cc_g=yes
ac_cv_prog_cc_stdc=
ac_cv_prog_make_make_set=yes
am_cv_CC_dependencies_compiler_type=gcc3

## ----------------- ##
## Output variables. ##
## ----------------- ##

ACLOCAL='${SHELL} /home/nate/src/Coet/jackguitar/missing --run aclocal-1.8'
AMDEPBACKSLASH='\'
AMDEP_FALSE='#'
AMDEP_TRUE=''
AMTAR='${SHELL} /home/nate/src/Coet/jackguitar/missing --run tar'
AUTOCONF='${SHELL} /home/nate/src/Coet/jackguitar/missing --run autoconf'
AUTOHEADER='${SHELL} /home/nate/src/Coet/jackguitar/missing --run autoheader'
AUTOMAKE='${SHELL} /home/nate/src/Coet/jackguitar/missing --run automake-1.8'
AWK='mawk'
CC='gcc'
CCDEPMODE='depmode=gcc3'
CFLAGS='-g -O2'
CONFIG_USE_GRAPH=''
CPP=''
CPPFLAGS=''
CYGPATH_W='echo'
DEFS=''
DEPDIR='.deps'
ECHO_C=''
ECHO_N='-n'
ECHO_T=''
EGREP=''
EXEEXT=''
INSTALL_DATA='${INSTALL} -m 644'
INSTALL_PROGRAM='${INSTALL}'
INSTALL_SCRIPT='${INSTALL}'
INSTALL_STRIP_PROGRAM='${SHELL} $(install_sh) -c -s'
LDFLAGS=''
LIBOBJS=''
LIBS=''
LTLIBOBJS=''
MAKEINFO='${SHELL} /home/nate/src/Coet/jackguitar/missing --run makeinfo'
OBJEXT='o'
PACKAGE='jackguitar'
PACKAGE_BUGREPORT='Nate Lally <nate.lally@gmail.com>'
PACKAGE_CFLAGS=''
PACKAGE_LIBS=''
PACKAGE_NAME='jackguitar'
PACKAGE_STRING='jackguitar 0.0.2'
PACKAGE_TARNAME='jackguitar'
PACKAGE_VERSION='0.0.2'
PATH_SEPARATOR=':'
PKG_CONFIG=''
SET_MAKE=''
SHELL='/bin/bash'
STRIP=''
VERSION='0.0.2'
ac_ct_CC='gcc'
ac_ct_STRIP=''
am__fastdepCC_FALSE='#'
am__fastdepCC_TRUE=''
am__include='include'
am__leading_dot='.'
am__quote=''
bindir='${exec_prefix}/bin'
build_alias=''
datadir='${prefix}/share'
exec_prefix='NONE'
host_alias=''
includedir='${prefix}/include'
infodir='${prefix}/info'
install_sh='/home/nate/src/Coet/jackguitar/install-sh'
libdir='${exec_prefix}/lib'
libexecdir='${exec_prefix}/libexec'
localstatedir='${prefix}/var'
mandir='${prefix}/man'
mkdir_p='mkdir -p -- .'
oldincludedir='/usr/include'
prefix='NONE'
program_transform_name='s,x,x,'
sbindir='${exec_prefix}/sbin'
sharedstatedir='${prefix}/com'
sysconfdir='${prefix}/etc'
target_alias=''

## ----------- ##
## confdefs.h. ##
## ----------- ##

#define PACKAGE "jackguitar"
#define PACKAGE_BUGREPORT "Nate Lally <nate.lally@gmail.com>"
#define PACKAGE_NAME "jackguitar"
#define PACKAGE_STRING "jackguitar 0.0.2"
#define PACKAGE_TARNAME "jackguitar"
#define PACKAGE_VERSION "0.0.2"
#define VERSION "0.0.2"

configure: exit 1
